#
# There is insufficient memory for the Java Runtime Environment to continue.
# Native memory allocation (mmap) failed to map 264241152 bytes. Error detail: G1 virtual space
# Possible reasons:
#   The system is out of physical RAM or swap space
#   This process is running with CompressedOops enabled, and the Java Heap may be blocking the growth of the native heap
# Possible solutions:
#   Reduce memory load on the system
#   Increase physical memory or swap space
#   Check if swap backing store is full
#   Decrease Java heap size (-Xmx/-Xms)
#   Decrease number of Java threads
#   Decrease Java thread stack sizes (-Xss)
#   Set larger code cache with -XX:ReservedCodeCacheSize=
#   JVM is running with Zero Based Compressed Oops mode in which the Java heap is
#     placed in the first 32GB address space. The Java Heap base address is the
#     maximum limit for the native heap growth. Please use -XX:HeapBaseMinAddress
#     to set the Java Heap base and to place the Java Heap above 32GB virtual address.
# This output file may be truncated or incomplete.
#
#  Out of Memory Error (os_windows.cpp:3686), pid=14908, tid=15668
#
# JRE version:  (21.0.7+6) (build )
# Java VM: OpenJDK 64-Bit Server VM (21.0.7+6-LTS, mixed mode, sharing, tiered, compressed oops, compressed class ptrs, g1 gc, windows-amd64)
# No core dump will be written. Minidumps are not enabled by default on client versions of Windows
#

---------------  S U M M A R Y ------------

Command Line: -Dfile.encoding=UTF-8 -Dstdout.encoding=UTF-8 -Dstderr.encoding=UTF-8 -XX:+ShowCodeDetailsInExceptionMessages 데이터관리

Host: 13th Gen Intel(R) Core(TM) i7-13700, 24 cores, 15G,  Windows 11 , 64 bit Build 26100 (10.0.26100.4484)
Time: Tue Aug  5 15:51:56 2025  Windows 11 , 64 bit Build 26100 (10.0.26100.4484) elapsed time: 1.024886 seconds (0d 0h 0m 1s)

---------------  T H R E A D  ---------------

Current thread (0x000001d0ec6f29f0):  JavaThread "Unknown thread" [_thread_in_vm, id=15668, stack(0x000000103f700000,0x000000103f800000) (1024K)]

Stack: [0x000000103f700000,0x000000103f800000]
Native frames: (J=compiled Java code, j=interpreted, Vv=VM code, C=native code)
V  [jvm.dll+0x6ce119]
V  [jvm.dll+0x8a84a1]
V  [jvm.dll+0x8aa9ce]
V  [jvm.dll+0x8ab0b3]
V  [jvm.dll+0x27f8a6]
V  [jvm.dll+0x6ca945]
V  [jvm.dll+0x6bebea]
V  [jvm.dll+0x355eca]
V  [jvm.dll+0x35da96]
V  [jvm.dll+0x3af72e]
V  [jvm.dll+0x3af9d8]
V  [jvm.dll+0x32a05c]
V  [jvm.dll+0x32abbb]
V  [jvm.dll+0x871719]
V  [jvm.dll+0x3bc501]
V  [jvm.dll+0x85a743]
V  [jvm.dll+0x45080e]
V  [jvm.dll+0x452451]
C  [jli.dll+0x5278]
C  [ucrtbase.dll+0x37b0]
C  [KERNEL32.DLL+0x2e8d7]
C  [ntdll.dll+0x3c34c]


---------------  P R O C E S S  ---------------

Threads class SMR info:
_java_thread_list=0x00007ffd546fa0c8, length=0, elements={
}

Java Threads: ( => current thread )
Total: 0

Other Threads:
  0x000001d0eeb23410 WorkerThread "GC Thread#0"                     [id=7860, stack(0x000000103f800000,0x000000103f900000) (1024K)]
  0x000001d0eeb34c30 ConcurrentGCThread "G1 Main Marker"            [id=18396, stack(0x000000103f900000,0x000000103fa00000) (1024K)]
  0x000001d0eeb35ce0 WorkerThread "G1 Conc#0"                       [id=7812, stack(0x000000103fa00000,0x000000103fb00000) (1024K)]

[error occurred during error reporting (printing all threads), id 0xc0000005, EXCEPTION_ACCESS_VIOLATION (0xc0000005) at pc=0x00007ffd53dfc987]
VM state: not at safepoint (not fully initialized)

VM Mutex/Monitor currently owned by a thread:  ([mutex/lock_event])
[0x00007ffd5476e408] Heap_lock - owner thread: 0x000001d0ec6f29f0

Heap address: 0x0000000704e00000, size: 4018 MB, Compressed Oops mode: Zero based, Oop shift amount: 3

CDS archive(s) mapped at: [0x0000000000000000-0x0000000000000000-0x0000000000000000), size 0, SharedBaseAddress: 0x0000000800000000, ArchiveRelocationMode: 1.
Narrow klass base: 0x0000000000000000, Narrow klass shift: 0, Narrow klass range: 0x0

GC Precious Log:
 CardTable entry size: 512
 Card Set container configuration: InlinePtr #cards 4 size 8 Array Of Cards #cards 16 size 48 Howl #buckets 8 coarsen threshold 3686 Howl Bitmap #cards 512 size 80 coarsen threshold 460 Card regions per heap region 1 cards per card region 4096

Heap:
 garbage-first heap   total 0K, used 0K [0x0000000704e00000, 0x0000000800000000)
  region size 2048K, 0 young (0K), 0 survivors (0K)

[error occurred during error reporting (printing heap information), id 0xc0000005, EXCEPTION_ACCESS_VIOLATION (0xc0000005) at pc=0x00007ffd541e7949]
GC Heap History (0 events):
No events

Dll operation events (1 events):
Event: 0.004 Loaded shared library C:\javaDev\eclipse\plugins\org.eclipse.justj.openjdk.hotspot.jre.full.win32.x86_64_21.0.7.v20250502-0916\jre\bin\java.dll

Deoptimization events (0 events):
No events

Classes loaded (0 events):
No events

Classes unloaded (0 events):
No events

Classes redefined (0 events):
No events

Internal exceptions (0 events):
No events

ZGC Phase Switch (0 events):
No events

VM Operations (0 events):
No events

Memory protections (0 events):
No events

Nmethod flushes (0 events):
No events

Events (0 events):
No events


Dynamic libraries:
0x00007ff7eaff0000 - 0x00007ff7eaffe000 	C:\javaDev\eclipse\plugins\org.eclipse.justj.openjdk.hotspot.jre.full.win32.x86_64_21.0.7.v20250502-0916\jre\bin\javaw.exe
0x00007ffdc2460000 - 0x00007ffdc26c8000 	C:\WINDOWS\SYSTEM32\ntdll.dll
0x00007ffdc1d40000 - 0x00007ffdc1e09000 	C:\WINDOWS\System32\KERNEL32.DLL
0x00007ffdbf6a0000 - 0x00007ffdbfa8d000 	C:\WINDOWS\System32\KERNELBASE.dll
0x00007ffdbfa90000 - 0x00007ffdbfbdb000 	C:\WINDOWS\System32\ucrtbase.dll
0x00007ffdbc360000 - 0x00007ffdbc378000 	C:\javaDev\eclipse\plugins\org.eclipse.justj.openjdk.hotspot.jre.full.win32.x86_64_21.0.7.v20250502-0916\jre\bin\jli.dll
0x00007ffdaf3a0000 - 0x00007ffdaf3be000 	C:\javaDev\eclipse\plugins\org.eclipse.justj.openjdk.hotspot.jre.full.win32.x86_64_21.0.7.v20250502-0916\jre\bin\VCRUNTIME140.dll
0x00007ffdc13a0000 - 0x00007ffdc156c000 	C:\WINDOWS\System32\USER32.dll
0x00007ffdaf450000 - 0x00007ffdaf6ea000 	C:\WINDOWS\WinSxS\amd64_microsoft.windows.common-controls_6595b64144ccf1df_6.0.26100.4484_none_3e0e6d4ce32ef3b3\COMCTL32.dll
0x00007ffdbf5b0000 - 0x00007ffdbf5d7000 	C:\WINDOWS\System32\win32u.dll
0x00007ffdc0880000 - 0x00007ffdc0929000 	C:\WINDOWS\System32\msvcrt.dll
0x00007ffdc1200000 - 0x00007ffdc122b000 	C:\WINDOWS\System32\GDI32.dll
0x00007ffdbff40000 - 0x00007ffdc0077000 	C:\WINDOWS\System32\gdi32full.dll
0x00007ffdbfe90000 - 0x00007ffdbff33000 	C:\WINDOWS\System32\msvcp_win.dll
0x00007ffdc1f50000 - 0x00007ffdc1f7f000 	C:\WINDOWS\System32\IMM32.DLL
0x00007ffdbc350000 - 0x00007ffdbc35c000 	C:\javaDev\eclipse\plugins\org.eclipse.justj.openjdk.hotspot.jre.full.win32.x86_64_21.0.7.v20250502-0916\jre\bin\vcruntime140_1.dll
0x00007ffda8b80000 - 0x00007ffda8c0d000 	C:\javaDev\eclipse\plugins\org.eclipse.justj.openjdk.hotspot.jre.full.win32.x86_64_21.0.7.v20250502-0916\jre\bin\msvcp140.dll
0x00007ffd53ac0000 - 0x00007ffd54850000 	C:\javaDev\eclipse\plugins\org.eclipse.justj.openjdk.hotspot.jre.full.win32.x86_64_21.0.7.v20250502-0916\jre\bin\server\jvm.dll
0x00007ffdc0e50000 - 0x00007ffdc0f04000 	C:\WINDOWS\System32\ADVAPI32.dll
0x00007ffdc1f90000 - 0x00007ffdc2036000 	C:\WINDOWS\System32\sechost.dll
0x00007ffdc1e30000 - 0x00007ffdc1f48000 	C:\WINDOWS\System32\RPCRT4.dll
0x00007ffdc1cc0000 - 0x00007ffdc1d34000 	C:\WINDOWS\System32\WS2_32.dll
0x00007ffdbf400000 - 0x00007ffdbf45e000 	C:\WINDOWS\SYSTEM32\POWRPROF.dll
0x00007ffdaff00000 - 0x00007ffdaff35000 	C:\WINDOWS\SYSTEM32\WINMM.dll
0x00007ffdb8c50000 - 0x00007ffdb8c5b000 	C:\WINDOWS\SYSTEM32\VERSION.dll
0x00007ffdbf3e0000 - 0x00007ffdbf3f4000 	C:\WINDOWS\SYSTEM32\UMPDC.dll
0x00007ffdbe310000 - 0x00007ffdbe32b000 	C:\WINDOWS\SYSTEM32\kernel.appcore.dll
0x00007ffda0ab0000 - 0x00007ffda0aba000 	C:\javaDev\eclipse\plugins\org.eclipse.justj.openjdk.hotspot.jre.full.win32.x86_64_21.0.7.v20250502-0916\jre\bin\jimage.dll
0x00007ffdaf7a0000 - 0x00007ffdaf9e1000 	C:\WINDOWS\SYSTEM32\DBGHELP.DLL
0x00007ffdc0ac0000 - 0x00007ffdc0e46000 	C:\WINDOWS\System32\combase.dll
0x00007ffdc2330000 - 0x00007ffdc2410000 	C:\WINDOWS\System32\OLEAUT32.dll
0x00007ffdaec00000 - 0x00007ffdaec43000 	C:\WINDOWS\SYSTEM32\dbgcore.DLL
0x00007ffdbfd60000 - 0x00007ffdbfdf9000 	C:\WINDOWS\System32\bcryptPrimitives.dll
0x00007ffd8f400000 - 0x00007ffd8f41f000 	C:\javaDev\eclipse\plugins\org.eclipse.justj.openjdk.hotspot.jre.full.win32.x86_64_21.0.7.v20250502-0916\jre\bin\java.dll

dbghelp: loaded successfully - version: 4.0.5 - missing functions: none
symbol engine: initialized successfully - sym options: 0x614 - pdb path: .;C:\javaDev\eclipse\plugins\org.eclipse.justj.openjdk.hotspot.jre.full.win32.x86_64_21.0.7.v20250502-0916\jre\bin;C:\WINDOWS\SYSTEM32;C:\WINDOWS\WinSxS\amd64_microsoft.windows.common-controls_6595b64144ccf1df_6.0.26100.4484_none_3e0e6d4ce32ef3b3;C:\javaDev\eclipse\plugins\org.eclipse.justj.openjdk.hotspot.jre.full.win32.x86_64_21.0.7.v20250502-0916\jre\bin\server

VM Arguments:
jvm_args: -Dfile.encoding=UTF-8 -Dstdout.encoding=UTF-8 -Dstderr.encoding=UTF-8 -XX:+ShowCodeDetailsInExceptionMessages 
java_command: 데이터관리
java_class_path (initial): C:\javaDev\javaStudy\Chapter05_배열응용\bin;C:\Users\sist1\Downloads\JTattoo-1.6.13.jar
Launcher Type: SUN_STANDARD

[Global flags]
     intx CICompilerCount                          = 12                                        {product} {ergonomic}
     uint ConcGCThreads                            = 5                                         {product} {ergonomic}
     uint G1ConcRefinementThreads                  = 18                                        {product} {ergonomic}
   size_t G1HeapRegionSize                         = 2097152                                   {product} {ergonomic}
    uintx GCDrainStackTargetSize                   = 64                                        {product} {ergonomic}
   size_t InitialHeapSize                          = 264241152                                 {product} {ergonomic}
   size_t MarkStackSize                            = 4194304                                   {product} {ergonomic}
   size_t MaxHeapSize                              = 4213178368                                {product} {ergonomic}
   size_t MinHeapDeltaBytes                        = 2097152                                   {product} {ergonomic}
   size_t MinHeapSize                              = 8388608                                   {product} {ergonomic}
    uintx NonNMethodCodeHeapSize                   = 7602480                                {pd product} {ergonomic}
    uintx NonProfiledCodeHeapSize                  = 122027880                              {pd product} {ergonomic}
    uintx ProfiledCodeHeapSize                     = 122027880                              {pd product} {ergonomic}
    uintx ReservedCodeCacheSize                    = 251658240                              {pd product} {ergonomic}
     bool SegmentedCodeCache                       = true                                      {product} {ergonomic}
     bool ShowCodeDetailsInExceptionMessages       = true                                   {manageable} {command line}
   size_t SoftMaxHeapSize                          = 4213178368                             {manageable} {ergonomic}
     bool UseCompressedOops                        = true                           {product lp64_product} {ergonomic}
     bool UseG1GC                                  = true                                      {product} {ergonomic}
     bool UseLargePagesIndividualAllocation        = false                                  {pd product} {ergonomic}

Logging:
Log output configuration:
 #0: stdout all=warning uptime,level,tags foldmultilines=false
 #1: stderr all=off uptime,level,tags foldmultilines=false

Environment Variables:
CLASSPATH=.;C:\jdk-17.0.2\lib
PATH=C:/javaDev/eclipse//plugins/org.eclipse.justj.openjdk.hotspot.jre.full.win32.x86_64_21.0.7.v20250502-0916/jre/bin/server;C:/javaDev/eclipse//plugins/org.eclipse.justj.openjdk.hotspot.jre.full.win32.x86_64_21.0.7.v20250502-0916/jre/bin;C:\jdk-17.0.2\bin;C:\WINDOWS\system32;C:\WINDOWS;C:\WINDOWS\System32\Wbem;C:\WINDOWS\System32\WindowsPowerShell\v1.0\;C:\WINDOWS\System32\OpenSSH\;C:\Program Files\Bandizip\;C:\Program Files\nodejs\;C:\Program Files\Git\cmd;C:\Users\sist1\AppData\Local\Microsoft\WindowsApps;C:\Users\sist1\AppData\Roaming\npm;C:\javaDev\eclipse;
USERNAME=sist1
OS=Windows_NT
PROCESSOR_IDENTIFIER=Intel64 Family 6 Model 183 Stepping 1, GenuineIntel
TMP=C:\Users\sist1\AppData\Local\Temp
TEMP=C:\Users\sist1\AppData\Local\Temp




Periodic native trim disabled

---------------  S Y S T E M  ---------------

OS:
 Windows 11 , 64 bit Build 26100 (10.0.26100.4484)
OS uptime: 5 days 6:55 hours
Hyper-V role detected

CPU: total 24 (initial active 24) (12 cores per cpu, 2 threads per core) family 6 model 183 stepping 1 microcode 0x12e, cx8, cmov, fxsr, ht, mmx, 3dnowpref, sse, sse2, sse3, ssse3, sse4.1, sse4.2, popcnt, lzcnt, tsc, tscinvbit, avx, avx2, aes, erms, clmul, bmi1, bmi2, adx, sha, fma, vzeroupper, clflush, clflushopt, clwb, hv, serialize, rdtscp, rdpid, fsrm, f16c, cet_ibt, cet_ss
Processor Information for the first 24 processors :
  Max Mhz: 2100, Current Mhz: 2100, Mhz Limit: 2100

Memory: 4k page, system-wide physical 16068M (3372M free)
TotalPageFile size 65220M (AvailPageFile size 213M)
current process WorkingSet (physical memory assigned to process): 12M, peak: 12M
current process commit charge ("private bytes"): 81M, peak: 333M

vm_info: OpenJDK 64-Bit Server VM (21.0.7+6-LTS) for windows-amd64 JRE (21.0.7+6-LTS), built on 2025-04-15T00:00:00Z by "admin" with MS VC++ 17.7 (VS2022)

END.
